Arguments: 
  /usr/bin/node /usr/bin/yarn init

PATH: 
  /usr/local/sbin:/usr/local/bin:/usr/bin:/usr/lib/jvm/default/bin:/usr/bin/site_perl:/usr/bin/vendor_perl:/usr/bin/core_perl:/usr/lib/servo:/home/aravinth/.local/bin/:/home/aravinth/.cargo/bin/:/home/aravinth/go/bin/:/home/aravinth/yarn/bin/:/home/aravinth/.gem/ruby/2.7.0/bin:/home/aravinth/.rustup/toolchains/*/bin/:/home/aravinth/workspace/fabric/bin:/home/aravinth/dotfiles/scripts:/home/aravinth/.fzf/bin

Yarn version: 
  1.22.10

Node version: 
  14.16.0

Platform: 
  linux x64

Trace: 
  Error: canceled
      at Interface.<anonymous> (/usr/lib/node_modules/yarn/lib/cli.js:137009:13)
      at Interface.emit (events.js:315:20)
      at Interface._ttyWrite (readline.js:875:16)
      at ReadStream.onkeypress (readline.js:213:10)
      at ReadStream.emit (events.js:315:20)
      at emitKeys (internal/readline/utils.js:345:14)
      at emitKeys.next (<anonymous>)
      at ReadStream.onData (readline.js:1144:36)
      at ReadStream.emit (events.js:315:20)
      at addChunk (internal/streams/readable.js:309:12)

npm manifest: 
  {
    "author": "You <you@example.com>",
    "name": "rust-webpack-template",
    "version": "0.1.0",
    "scripts": {
      "build": "rimraf dist pkg && webpack --mode production",
      "start": "rimraf dist pkg && webpack-dev-server --open -d",
      "test": "cargo test && wasm-pack test --headless"
    },
    "devDependencies": {
      "@wasm-tool/wasm-pack-plugin": "^1.1.0",
      "copy-webpack-plugin": "^5.0.3",
      "rimraf": "^3.0.0",
      "@types/jest": "^26.0.23",
      "@types/jsdom": "^16.2.10",
      "@types/node": "^15.0.2",
      "@types/sinon": "^10.0.0",
      "css-loader": "^5.2.4",
      "css-minimizer-webpack-plugin": "^2.0.0",
      "dart-sass": "^1.25.0",
      "jest": "^26.6.3",
      "jest-fetch-mock": "^3.0.3",
      "jsdom": "^16.5.3",
      "mini-css-extract-plugin": "^1.6.0",
      "sass-loader": "^11.0.1",
      "sinon": "^10.0.0",
      "ts-jest": "^26.5.6",
      "ts-loader": "^8.0.0",
      "ts-node": "^9.1.1",
      "typescript": "^4.1.0",
      "webpack": "^5.0.0",
      "webpack-cli": "^4.6.0",
      "webpack-dev-server": "^3.1.14"
    }
  }

yarn manifest: 
  No manifest

Lockfile: 
  No lockfile
