<!--
SPDX-FileCopyrightText: 2023 Aravinth Manivannan <realaravinth@batsense.net>

SPDX-License-Identifier: Apache-2.0
SPDX-License-Identifier: MIT
-->

{
  "0 debug pnpm:scope": {
    "selected": 1
  },
  "1 error pnpm": {
    "errno": 1,
    "code": "ELIFECYCLE",
    "pkgid": "demo@0.0.1",
    "stage": "test",
    "script": "jest",
    "pkgname": "demo",
    "err": {
      "name": "pnpm",
      "message": "demo@0.0.1 test: `jest`\nExit status 1",
      "code": "ELIFECYCLE",
      "stack": "pnpm: demo@0.0.1 test: `jest`\nExit status 1\n    at EventEmitter.<anonymous> (/home/aravinth/.npm-global/pnpm-global/5/node_modules/.pnpm/pnpm@6.24.0/node_modules/pnpm/dist/pnpm.cjs:103854:20)\n    at EventEmitter.emit (node:events:390:28)\n    at ChildProcess.<anonymous> (/home/aravinth/.npm-global/pnpm-global/5/node_modules/.pnpm/pnpm@6.24.0/node_modules/pnpm/dist/pnpm.cjs:91783:18)\n    at ChildProcess.emit (node:events:390:28)\n    at maybeClose (node:internal/child_process:1062:16)\n    at Process.ChildProcess._handle.onexit (node:internal/child_process:301:5)"
    }
  }
}